* using log directory ‘/home/georgia/ExpDesign3/ExpDesignPkg.Rcheck’
* using R version 3.2.2 (2015-08-14)
* using platform: x86_64-pc-linux-gnu (64-bit)
* using session charset: UTF-8
* checking for file ‘ExpDesignPkg/DESCRIPTION’ ... OK
* checking extension type ... Package
* this is package ‘ExpDesignPkg’ version ‘1.1’
* checking package namespace information ... OK
* checking package dependencies ... OK
* checking if this is a source package ... OK
* checking if there is a namespace ... OK
* checking for executable files ... OK
* checking for hidden files and directories ... OK
* checking for portable file names ... OK
* checking for sufficient/correct file permissions ... OK
* checking whether package ‘ExpDesignPkg’ can be installed ... OK
* checking installed package size ... OK
* checking package directory ... OK
* checking DESCRIPTION meta-information ... OK
* checking top-level files ... OK
* checking for left-over files ... OK
* checking index information ... OK
* checking package subdirectories ... OK
* checking R files for non-ASCII characters ... OK
* checking R files for syntax errors ... OK
* checking whether the package can be loaded ... OK
* checking whether the package can be loaded with stated dependencies ... OK
* checking whether the package can be unloaded cleanly ... OK
* checking whether the namespace can be loaded with stated dependencies ... OK
* checking whether the namespace can be unloaded cleanly ... OK
* checking loading without being on the library search path ... OK
* checking dependencies in R code ... OK
* checking S3 generic/method consistency ... WARNING
exp:
  function(x)
exp.design.noxy:
  function(dataset, predictionFeature, parameters)

exp:
  function(x)
exp.design.xy:
  function(dataset, predictionFeature, parameters)

See section ‘Generic functions and methods’ in the ‘Writing R
Extensions’ manual.
* checking replacement functions ... OK
* checking foreign function calls ... OK
* checking R code for possible problems ... NOTE
exp.design.xy: no visible binding for global variable ‘form’
* checking Rd files ... NOTE
prepare_Rd: dat2m.Rd:19-21: Dropping empty section \source
* checking Rd metadata ... OK
* checking Rd cross-references ... OK
* checking for missing documentation entries ... OK
* checking for code/documentation mismatches ... OK
* checking Rd \usage sections ... NOTE
S3 methods shown with full name in documentation object 'exp.design.noxy':
  ‘exp.design.noxy’

S3 methods shown with full name in documentation object 'exp.design.xy':
  ‘exp.design.xy’

The \usage entries for S3 methods should use the \method markup and not
their full name.
See chapter ‘Writing R documentation files’ in the ‘Writing R
Extensions’ manual.
* checking Rd contents ... OK
* checking for unstated dependencies in examples ... OK
* checking contents of ‘data’ directory ... OK
* checking data for non-ASCII characters ... OK
* checking data for ASCII and uncompressed saves ... OK
* checking examples ... OK
* checking PDF version of manual ... OK
* DONE
Status: 1 WARNING, 3 NOTEs
